<?xml version="1.0" encoding="UTF-8"?>
<testng-results ignored="0" total="1" passed="1" failed="0" skipped="0">
  <reporter-output>
  </reporter-output>
  <suite started-at="2021-05-31T08:38:51Z" name="Default suite" finished-at="2021-05-31T08:38:56Z" duration-ms="4517">
    <groups>
    </groups>
    <test started-at="2021-05-31T08:38:51Z" name="Default test" finished-at="2021-05-31T08:38:56Z" duration-ms="4517">
      <class name="Assessment_API.Assessment_API.TC02">
        <test-method signature="soapEx()[pri:0, instance:Assessment_API.Assessment_API.TC02@21129f1f]" started-at="2021-05-31T08:38:51Z" name="soapEx" finished-at="2021-05-31T08:38:56Z" duration-ms="4445" status="PASS">
          <reporter-output>
          </reporter-output>
        </test-method> <!-- soapEx -->
      </class> <!-- Assessment_API.Assessment_API.TC02 -->
    </test> <!-- Default test -->
  </suite> <!-- Default suite -->
</testng-results>
